
2023/06/06 (23:51:17) | ===> btop++ v.1.2.13
2023/06/06 (23:51:17) | ERROR: Stall in Runner thread, restarting!
2023/06/06 (23:51:23) | ERROR: Stall in Runner thread, restarting!
2023/06/06 (23:51:29) | ERROR: Stall in Runner thread, restarting!
2023/06/06 (23:51:35) | ERROR: Stall in Runner thread, restarting!
2023/06/06 (23:51:41) | ERROR: Stall in Runner thread, restarting!
2023/06/06 (23:51:47) | ERROR: Stall in Runner thread, restarting!
2023/06/06 (23:51:53) | ERROR: Stall in Runner thread, restarting!
2023/06/06 (23:51:59) | ERROR: Stall in Runner thread, restarting!
2023/06/06 (23:52:05) | ERROR: Stall in Runner thread, restarting!
2023/06/06 (23:52:11) | ERROR: Stall in Runner thread, restarting!
2023/06/06 (23:53:17) | ERROR: Stall in Runner thread, restarting!
2023/06/06 (23:53:23) | ERROR: Stall in Runner thread, restarting!
2023/06/06 (23:53:29) | ERROR: Stall in Runner thread, restarting!
2023/06/06 (23:53:35) | ERROR: Stall in Runner thread, restarting!
2023/06/06 (23:53:41) | ERROR: Stall in Runner thread, restarting!
2023/06/06 (23:53:47) | ERROR: Stall in Runner thread, restarting!
2023/06/06 (23:53:53) | ERROR: Stall in Runner thread, restarting!
2023/06/06 (23:53:59) | ERROR: Stall in Runner thread, restarting!
2023/06/06 (23:54:05) | ERROR: Stall in Runner thread, restarting!
2023/06/06 (23:54:11) | ERROR: Stall in Runner thread, restarting!
2023/06/06 (23:55:17) | ERROR: Stall in Runner thread, restarting!
2023/06/06 (23:55:23) | ERROR: Stall in Runner thread, restarting!
2023/06/06 (23:55:29) | ERROR: Stall in Runner thread, restarting!
2023/06/06 (23:55:35) | ERROR: Stall in Runner thread, restarting!
2023/06/06 (23:55:41) | ERROR: Stall in Runner thread, restarting!
2023/06/06 (23:55:47) | ERROR: Stall in Runner thread, restarting!
2023/06/06 (23:55:53) | ERROR: Stall in Runner thread, restarting!
2023/06/06 (23:55:59) | ERROR: Stall in Runner thread, restarting!
2023/06/06 (23:56:05) | ERROR: Stall in Runner thread, restarting!
2023/06/06 (23:56:11) | ERROR: Stall in Runner thread, restarting!
2023/06/06 (23:57:16) | ERROR: Stall in Runner thread, restarting!
2023/06/06 (23:57:22) | ERROR: Stall in Runner thread, restarting!
2023/06/06 (23:57:28) | ERROR: Stall in Runner thread, restarting!
2023/06/06 (23:57:34) | ERROR: Stall in Runner thread, restarting!
2023/06/06 (23:57:41) | ERROR: Stall in Runner thread, restarting!
2023/06/06 (23:57:47) | ERROR: Stall in Runner thread, restarting!
2023/06/06 (23:57:53) | ERROR: Stall in Runner thread, restarting!
2023/06/06 (23:57:59) | ERROR: Stall in Runner thread, restarting!
2023/06/06 (23:58:05) | ERROR: Stall in Runner thread, restarting!
2023/06/06 (23:58:11) | ERROR: Stall in Runner thread, restarting!
2023/06/06 (23:59:16) | ERROR: Stall in Runner thread, restarting!
2023/06/06 (23:59:22) | ERROR: Stall in Runner thread, restarting!
2023/06/06 (23:59:28) | ERROR: Stall in Runner thread, restarting!
2023/06/06 (23:59:34) | ERROR: Stall in Runner thread, restarting!
2023/06/06 (23:59:40) | ERROR: Stall in Runner thread, restarting!
2023/06/06 (23:59:46) | ERROR: Stall in Runner thread, restarting!
2023/06/06 (23:59:52) | ERROR: Stall in Runner thread, restarting!
2023/06/06 (23:59:58) | ERROR: Stall in Runner thread, restarting!
2023/06/07 (00:00:04) | ERROR: Stall in Runner thread, restarting!
2023/06/07 (00:00:10) | ERROR: Stall in Runner thread, restarting!
2023/06/07 (00:01:16) | ERROR: Stall in Runner thread, restarting!
2023/06/07 (00:01:22) | ERROR: Stall in Runner thread, restarting!
2023/06/07 (00:01:28) | ERROR: Stall in Runner thread, restarting!
2023/06/07 (00:01:34) | ERROR: Stall in Runner thread, restarting!
2023/06/07 (00:01:40) | ERROR: Stall in Runner thread, restarting!
2023/06/07 (00:01:46) | ERROR: Stall in Runner thread, restarting!
2023/06/07 (00:01:52) | ERROR: Stall in Runner thread, restarting!
2023/06/07 (00:01:58) | ERROR: Stall in Runner thread, restarting!
2023/06/07 (00:02:04) | ERROR: Stall in Runner thread, restarting!
2023/06/07 (00:02:10) | ERROR: Stall in Runner thread, restarting!
2023/06/07 (00:03:16) | ERROR: Stall in Runner thread, restarting!
2023/06/07 (00:03:22) | ERROR: Stall in Runner thread, restarting!
2023/06/07 (00:03:28) | ERROR: Stall in Runner thread, restarting!
2023/06/07 (00:03:34) | ERROR: Stall in Runner thread, restarting!
2023/06/07 (00:03:40) | ERROR: Stall in Runner thread, restarting!
2023/06/07 (00:03:46) | ERROR: Stall in Runner thread, restarting!
2023/06/07 (00:03:52) | ERROR: Stall in Runner thread, restarting!
2023/06/07 (00:03:58) | ERROR: Stall in Runner thread, restarting!
2023/06/07 (00:04:04) | ERROR: Stall in Runner thread, restarting!
2023/06/07 (00:04:10) | ERROR: Stall in Runner thread, restarting!
2023/06/07 (00:05:15) | ERROR: Stall in Runner thread, restarting!
2023/06/07 (00:05:21) | ERROR: Stall in Runner thread, restarting!
2023/06/07 (00:05:27) | ERROR: Stall in Runner thread, restarting!
2023/06/07 (00:05:33) | ERROR: Stall in Runner thread, restarting!
2023/06/07 (00:05:39) | ERROR: Stall in Runner thread, restarting!
2023/06/07 (00:05:45) | ERROR: Stall in Runner thread, restarting!
2023/06/07 (00:05:51) | ERROR: Stall in Runner thread, restarting!
2023/06/07 (00:05:57) | ERROR: Stall in Runner thread, restarting!
2023/06/07 (00:06:03) | ERROR: Stall in Runner thread, restarting!
2023/06/07 (00:06:09) | ERROR: Stall in Runner thread, restarting!
2023/06/07 (00:07:15) | ERROR: Stall in Runner thread, restarting!
2023/06/07 (00:07:21) | ERROR: Stall in Runner thread, restarting!
2023/06/07 (00:07:27) | ERROR: Stall in Runner thread, restarting!
2023/06/07 (00:07:33) | ERROR: Stall in Runner thread, restarting!
2023/06/07 (00:07:39) | ERROR: Stall in Runner thread, restarting!
2023/06/07 (00:07:45) | ERROR: Stall in Runner thread, restarting!
2023/06/07 (00:07:51) | ERROR: Stall in Runner thread, restarting!
2023/06/07 (00:07:57) | ERROR: Stall in Runner thread, restarting!
2023/06/07 (00:08:03) | ERROR: Stall in Runner thread, restarting!
2023/06/07 (00:08:09) | ERROR: Stall in Runner thread, restarting!
2023/06/07 (00:09:15) | ERROR: Stall in Runner thread, restarting!
2023/06/07 (00:09:21) | ERROR: Stall in Runner thread, restarting!
2023/06/07 (00:09:27) | ERROR: Stall in Runner thread, restarting!
2023/06/07 (00:09:33) | ERROR: Stall in Runner thread, restarting!
2023/06/07 (00:09:39) | ERROR: Stall in Runner thread, restarting!
2023/06/07 (00:09:45) | ERROR: Stall in Runner thread, restarting!
2023/06/07 (00:09:51) | ERROR: Stall in Runner thread, restarting!
2023/06/07 (00:09:57) | ERROR: Stall in Runner thread, restarting!
2023/06/07 (00:10:03) | ERROR: Stall in Runner thread, restarting!
2023/06/07 (00:10:09) | ERROR: Stall in Runner thread, restarting!
2023/06/07 (00:11:14) | ERROR: Stall in Runner thread, restarting!
2023/06/07 (00:11:20) | ERROR: Stall in Runner thread, restarting!
2023/06/07 (00:11:26) | ERROR: Stall in Runner thread, restarting!
2023/06/07 (00:11:32) | ERROR: Stall in Runner thread, restarting!
2023/06/07 (00:11:38) | ERROR: Stall in Runner thread, restarting!
2023/06/07 (00:11:44) | ERROR: Stall in Runner thread, restarting!
2023/06/07 (00:11:50) | ERROR: Stall in Runner thread, restarting!
2023/06/07 (00:11:56) | ERROR: Stall in Runner thread, restarting!
2023/06/07 (00:12:02) | ERROR: Stall in Runner thread, restarting!
2023/06/07 (00:12:08) | ERROR: Stall in Runner thread, restarting!
2023/06/07 (00:12:31) | ERROR: Stall in Runner thread, restarting!

2023/06/09 (01:24:03) | ===> btop++ v.1.2.13
2023/06/09 (01:24:03) | WARNING: Failed to join _runner thread on exit!
2023/06/09 (01:24:03) | ERROR: No response from Runner thread, quitting!

2023/06/19 (08:43:42) | ===> btop++ v.1.2.13
2023/06/19 (08:43:42) | ERROR: Stall in Runner thread, restarting!
2023/06/19 (08:43:48) | ERROR: Stall in Runner thread, restarting!
2023/06/19 (08:43:55) | ERROR: Stall in Runner thread, restarting!
2023/06/19 (08:44:01) | ERROR: Stall in Runner thread, restarting!
2023/06/19 (08:44:07) | ERROR: Stall in Runner thread, restarting!
2023/06/19 (08:44:13) | ERROR: Stall in Runner thread, restarting!
2023/06/19 (08:44:19) | ERROR: Stall in Runner thread, restarting!
2023/06/19 (08:44:25) | ERROR: Stall in Runner thread, restarting!
2023/06/19 (08:44:31) | ERROR: Stall in Runner thread, restarting!
2023/06/19 (08:44:37) | ERROR: Stall in Runner thread, restarting!

2023/08/21 (18:37:00) | ===> btop++ v.1.2.13
2023/08/21 (18:37:00) | ERROR: Stall in Runner thread, restarting!

2023/08/29 (00:42:19) | ===> btop++ v.1.2.13
2023/08/29 (00:42:19) | ERROR: Stall in Runner thread, restarting!
2023/08/29 (00:42:25) | ERROR: Stall in Runner thread, restarting!
2023/08/29 (00:42:31) | ERROR: Stall in Runner thread, restarting!
2023/08/29 (00:42:37) | ERROR: Stall in Runner thread, restarting!
2023/08/29 (00:42:43) | ERROR: Stall in Runner thread, restarting!
2023/08/29 (00:42:49) | ERROR: Stall in Runner thread, restarting!
2023/08/29 (00:42:55) | ERROR: Stall in Runner thread, restarting!
2023/08/29 (00:43:01) | ERROR: Stall in Runner thread, restarting!
2023/08/29 (00:43:56) | ERROR: Stall in Runner thread, restarting!
2023/08/29 (00:44:02) | ERROR: Stall in Runner thread, restarting!
2023/08/29 (00:44:08) | ERROR: Stall in Runner thread, restarting!
2023/08/29 (00:44:14) | ERROR: Stall in Runner thread, restarting!
2023/08/29 (00:44:20) | ERROR: Stall in Runner thread, restarting!
2023/08/29 (00:44:26) | ERROR: Stall in Runner thread, restarting!
2023/08/29 (00:44:32) | ERROR: Stall in Runner thread, restarting!
2023/08/29 (00:44:38) | ERROR: Stall in Runner thread, restarting!
2023/08/29 (00:45:34) | ERROR: Stall in Runner thread, restarting!
2023/08/29 (00:45:40) | ERROR: Stall in Runner thread, restarting!
2023/08/29 (00:45:46) | ERROR: Stall in Runner thread, restarting!
2023/08/29 (00:45:52) | ERROR: Stall in Runner thread, restarting!
2023/08/29 (00:45:58) | ERROR: Stall in Runner thread, restarting!
2023/08/29 (00:46:04) | ERROR: Stall in Runner thread, restarting!
2023/08/29 (00:46:10) | ERROR: Stall in Runner thread, restarting!
2023/08/29 (00:46:16) | ERROR: Stall in Runner thread, restarting!
2023/08/29 (00:47:11) | ERROR: Stall in Runner thread, restarting!
2023/08/29 (00:47:17) | ERROR: Stall in Runner thread, restarting!
2023/08/29 (00:47:23) | ERROR: Stall in Runner thread, restarting!
2023/08/29 (00:47:29) | ERROR: Stall in Runner thread, restarting!
2023/08/29 (00:47:35) | ERROR: Stall in Runner thread, restarting!
2023/08/29 (00:47:41) | ERROR: Stall in Runner thread, restarting!
2023/08/29 (00:47:47) | ERROR: Stall in Runner thread, restarting!
2023/08/29 (00:47:53) | ERROR: Stall in Runner thread, restarting!
2023/08/29 (00:48:49) | ERROR: Stall in Runner thread, restarting!
2023/08/29 (00:48:55) | ERROR: Stall in Runner thread, restarting!
2023/08/29 (00:49:01) | ERROR: Stall in Runner thread, restarting!
2023/08/29 (00:49:07) | ERROR: Stall in Runner thread, restarting!
2023/08/29 (00:49:13) | ERROR: Stall in Runner thread, restarting!
2023/08/29 (00:49:19) | ERROR: Stall in Runner thread, restarting!
2023/08/29 (00:49:25) | ERROR: Stall in Runner thread, restarting!
2023/08/29 (00:49:31) | ERROR: Stall in Runner thread, restarting!
2023/08/29 (00:50:27) | ERROR: Stall in Runner thread, restarting!
2023/08/29 (00:50:33) | ERROR: Stall in Runner thread, restarting!
2023/08/29 (00:50:39) | ERROR: Stall in Runner thread, restarting!
2023/08/29 (00:50:45) | ERROR: Stall in Runner thread, restarting!
2023/08/29 (00:50:51) | ERROR: Stall in Runner thread, restarting!
2023/08/29 (00:50:57) | ERROR: Stall in Runner thread, restarting!
2023/08/29 (00:51:03) | ERROR: Stall in Runner thread, restarting!
2023/08/29 (00:51:09) | ERROR: Stall in Runner thread, restarting!
2023/08/29 (00:52:05) | ERROR: Stall in Runner thread, restarting!
2023/08/29 (00:52:11) | ERROR: Stall in Runner thread, restarting!
2023/08/29 (00:52:17) | ERROR: Stall in Runner thread, restarting!
2023/08/29 (00:52:23) | ERROR: Stall in Runner thread, restarting!
2023/08/29 (00:52:29) | ERROR: Stall in Runner thread, restarting!
2023/08/29 (00:52:35) | ERROR: Stall in Runner thread, restarting!
2023/08/29 (00:52:41) | ERROR: Stall in Runner thread, restarting!
2023/08/29 (00:52:47) | ERROR: Stall in Runner thread, restarting!
2023/08/29 (00:53:43) | ERROR: Stall in Runner thread, restarting!
2023/08/29 (00:53:49) | ERROR: Stall in Runner thread, restarting!
2023/08/29 (00:53:55) | ERROR: Stall in Runner thread, restarting!
2023/08/29 (00:54:01) | ERROR: Stall in Runner thread, restarting!
2023/08/29 (00:54:07) | ERROR: Stall in Runner thread, restarting!
2023/08/29 (00:54:13) | ERROR: Stall in Runner thread, restarting!
2023/08/29 (00:54:19) | ERROR: Stall in Runner thread, restarting!
2023/08/29 (00:54:25) | ERROR: Stall in Runner thread, restarting!
2023/08/29 (00:55:20) | ERROR: Stall in Runner thread, restarting!
2023/08/29 (00:55:26) | ERROR: Stall in Runner thread, restarting!
2023/08/29 (00:55:32) | ERROR: Stall in Runner thread, restarting!
2023/08/29 (00:55:38) | ERROR: Stall in Runner thread, restarting!
2023/08/29 (00:55:44) | ERROR: Stall in Runner thread, restarting!
2023/08/29 (00:55:50) | ERROR: Stall in Runner thread, restarting!
2023/08/29 (00:55:56) | ERROR: Stall in Runner thread, restarting!
2023/08/29 (00:56:03) | ERROR: Stall in Runner thread, restarting!
2023/08/29 (00:56:59) | ERROR: Stall in Runner thread, restarting!
2023/08/29 (00:57:05) | ERROR: Stall in Runner thread, restarting!
2023/08/29 (00:57:11) | ERROR: Stall in Runner thread, restarting!
2023/08/29 (00:57:17) | ERROR: Stall in Runner thread, restarting!
2023/08/29 (00:57:23) | ERROR: Stall in Runner thread, restarting!
2023/08/29 (00:57:29) | ERROR: Stall in Runner thread, restarting!
2023/08/29 (00:57:35) | ERROR: Stall in Runner thread, restarting!
2023/08/29 (00:57:41) | ERROR: Stall in Runner thread, restarting!
2023/08/29 (00:58:36) | ERROR: Stall in Runner thread, restarting!
2023/08/29 (00:58:42) | ERROR: Stall in Runner thread, restarting!
2023/08/29 (00:58:48) | ERROR: Stall in Runner thread, restarting!
2023/08/29 (00:58:54) | ERROR: Stall in Runner thread, restarting!
2023/08/29 (00:59:00) | ERROR: Stall in Runner thread, restarting!
2023/08/29 (00:59:06) | ERROR: Stall in Runner thread, restarting!
2023/08/29 (00:59:12) | ERROR: Stall in Runner thread, restarting!
2023/08/29 (00:59:18) | ERROR: Stall in Runner thread, restarting!
2023/08/29 (01:00:14) | ERROR: Stall in Runner thread, restarting!
2023/08/29 (01:00:20) | ERROR: Stall in Runner thread, restarting!
2023/08/29 (01:00:26) | ERROR: Stall in Runner thread, restarting!
2023/08/29 (01:00:32) | ERROR: Stall in Runner thread, restarting!
2023/08/29 (01:00:38) | ERROR: Stall in Runner thread, restarting!
2023/08/29 (01:00:44) | ERROR: Stall in Runner thread, restarting!
2023/08/29 (01:00:50) | ERROR: Stall in Runner thread, restarting!
2023/08/29 (01:00:56) | ERROR: Stall in Runner thread, restarting!
2023/08/29 (01:01:52) | ERROR: Stall in Runner thread, restarting!
2023/08/29 (01:01:58) | ERROR: Stall in Runner thread, restarting!
2023/08/29 (01:02:04) | ERROR: Stall in Runner thread, restarting!
2023/08/29 (01:02:10) | ERROR: Stall in Runner thread, restarting!
2023/08/29 (01:02:16) | ERROR: Stall in Runner thread, restarting!
2023/08/29 (01:02:21) | ERROR: Stall in Runner thread, restarting!
2023/08/29 (01:02:27) | ERROR: Stall in Runner thread, restarting!
2023/08/29 (01:02:33) | ERROR: Stall in Runner thread, restarting!
2023/08/29 (01:03:29) | ERROR: Stall in Runner thread, restarting!
2023/08/29 (01:03:35) | ERROR: Stall in Runner thread, restarting!
2023/08/29 (01:03:41) | ERROR: Stall in Runner thread, restarting!
2023/08/29 (01:03:47) | ERROR: Stall in Runner thread, restarting!
2023/08/29 (01:03:53) | ERROR: Stall in Runner thread, restarting!
2023/08/29 (01:03:59) | ERROR: Stall in Runner thread, restarting!
2023/08/29 (01:04:05) | ERROR: Stall in Runner thread, restarting!
2023/08/29 (01:04:11) | ERROR: Stall in Runner thread, restarting!
2023/08/29 (01:05:07) | ERROR: Stall in Runner thread, restarting!
2023/08/29 (01:05:13) | ERROR: Stall in Runner thread, restarting!
2023/08/29 (01:05:19) | ERROR: Stall in Runner thread, restarting!
2023/08/29 (01:05:25) | ERROR: Stall in Runner thread, restarting!
2023/08/29 (01:05:31) | ERROR: Stall in Runner thread, restarting!
2023/08/29 (01:05:37) | ERROR: Stall in Runner thread, restarting!
2023/08/29 (01:05:43) | ERROR: Stall in Runner thread, restarting!
2023/08/29 (01:05:49) | ERROR: Stall in Runner thread, restarting!
2023/08/29 (01:06:45) | ERROR: Stall in Runner thread, restarting!
2023/08/29 (01:06:51) | ERROR: Stall in Runner thread, restarting!
2023/08/29 (01:06:57) | ERROR: Stall in Runner thread, restarting!
2023/08/29 (01:07:03) | ERROR: Stall in Runner thread, restarting!
2023/08/29 (01:07:09) | ERROR: Stall in Runner thread, restarting!
2023/08/29 (01:07:15) | ERROR: Stall in Runner thread, restarting!
2023/08/29 (01:07:20) | ERROR: Stall in Runner thread, restarting!
2023/08/29 (01:07:26) | ERROR: Stall in Runner thread, restarting!
2023/08/29 (01:08:22) | ERROR: Stall in Runner thread, restarting!
2023/08/29 (01:08:28) | ERROR: Stall in Runner thread, restarting!
2023/08/29 (01:09:24) | ERROR: Stall in Runner thread, restarting!
2023/08/29 (01:09:30) | ERROR: Stall in Runner thread, restarting!
2023/08/29 (01:09:36) | ERROR: Stall in Runner thread, restarting!
2023/08/29 (01:09:42) | ERROR: Stall in Runner thread, restarting!
2023/08/29 (01:09:48) | ERROR: Stall in Runner thread, restarting!
2023/08/29 (01:09:54) | ERROR: Stall in Runner thread, restarting!
2023/08/29 (01:10:00) | ERROR: Stall in Runner thread, restarting!
2023/08/29 (01:10:06) | ERROR: Stall in Runner thread, restarting!
2023/08/29 (01:11:02) | ERROR: Stall in Runner thread, restarting!
2023/08/29 (01:11:08) | ERROR: Stall in Runner thread, restarting!
2023/08/29 (01:11:14) | ERROR: Stall in Runner thread, restarting!
2023/08/29 (01:11:20) | ERROR: Stall in Runner thread, restarting!
2023/08/29 (01:11:26) | ERROR: Stall in Runner thread, restarting!
2023/08/29 (01:11:32) | ERROR: Stall in Runner thread, restarting!
2023/08/29 (01:11:38) | ERROR: Stall in Runner thread, restarting!
2023/08/29 (01:11:44) | ERROR: Stall in Runner thread, restarting!
2023/08/29 (01:12:40) | ERROR: Stall in Runner thread, restarting!
2023/08/29 (01:12:46) | ERROR: Stall in Runner thread, restarting!
2023/08/29 (01:12:52) | ERROR: Stall in Runner thread, restarting!
2023/08/29 (01:12:58) | ERROR: Stall in Runner thread, restarting!
2023/08/29 (01:13:04) | ERROR: Stall in Runner thread, restarting!
2023/08/29 (01:13:10) | ERROR: Stall in Runner thread, restarting!
2023/08/29 (01:13:16) | ERROR: Stall in Runner thread, restarting!
2023/08/29 (01:13:22) | ERROR: Stall in Runner thread, restarting!
2023/08/29 (01:14:17) | ERROR: Stall in Runner thread, restarting!
2023/08/29 (01:14:23) | ERROR: Stall in Runner thread, restarting!
2023/08/29 (01:14:29) | ERROR: Stall in Runner thread, restarting!
2023/08/29 (01:14:35) | ERROR: Stall in Runner thread, restarting!
2023/08/29 (01:14:41) | ERROR: Stall in Runner thread, restarting!
2023/08/29 (01:14:47) | ERROR: Stall in Runner thread, restarting!
2023/08/29 (01:14:53) | ERROR: Stall in Runner thread, restarting!
2023/08/29 (01:15:00) | ERROR: Stall in Runner thread, restarting!
2023/08/29 (01:15:56) | ERROR: Stall in Runner thread, restarting!
2023/08/29 (01:16:02) | ERROR: Stall in Runner thread, restarting!
2023/08/29 (01:16:08) | ERROR: Stall in Runner thread, restarting!
2023/08/29 (01:16:14) | ERROR: Stall in Runner thread, restarting!
2023/08/29 (01:16:20) | ERROR: Stall in Runner thread, restarting!
2023/08/29 (01:16:26) | ERROR: Stall in Runner thread, restarting!
2023/08/29 (01:16:32) | ERROR: Stall in Runner thread, restarting!
2023/08/29 (01:16:38) | ERROR: Stall in Runner thread, restarting!
2023/08/29 (01:17:33) | ERROR: Stall in Runner thread, restarting!
2023/08/29 (01:17:39) | ERROR: Stall in Runner thread, restarting!
2023/08/29 (01:17:45) | ERROR: Stall in Runner thread, restarting!
2023/08/29 (01:17:51) | ERROR: Stall in Runner thread, restarting!
2023/08/29 (01:17:57) | ERROR: Stall in Runner thread, restarting!
2023/08/29 (01:18:03) | ERROR: Stall in Runner thread, restarting!
2023/08/29 (01:18:09) | ERROR: Stall in Runner thread, restarting!
2023/08/29 (01:18:15) | ERROR: Stall in Runner thread, restarting!
2023/08/29 (01:19:12) | ERROR: Stall in Runner thread, restarting!
2023/08/29 (01:19:18) | ERROR: Stall in Runner thread, restarting!
2023/08/29 (01:19:24) | ERROR: Stall in Runner thread, restarting!
2023/08/29 (01:19:30) | ERROR: Stall in Runner thread, restarting!
2023/08/29 (01:19:36) | ERROR: Stall in Runner thread, restarting!
2023/08/29 (01:19:42) | ERROR: Stall in Runner thread, restarting!
2023/08/29 (01:19:48) | ERROR: Stall in Runner thread, restarting!
2023/08/29 (01:19:54) | ERROR: Stall in Runner thread, restarting!
2023/08/29 (01:20:49) | ERROR: Stall in Runner thread, restarting!
2023/08/29 (01:20:55) | ERROR: Stall in Runner thread, restarting!
2023/08/29 (01:21:01) | ERROR: Stall in Runner thread, restarting!
2023/08/29 (01:21:07) | ERROR: Stall in Runner thread, restarting!
2023/08/29 (01:21:13) | ERROR: Stall in Runner thread, restarting!
2023/08/29 (01:21:19) | ERROR: Stall in Runner thread, restarting!
2023/08/29 (01:21:25) | ERROR: Stall in Runner thread, restarting!

2023/09/04 (23:50:53) | ===> btop++ v.1.2.13
2023/09/04 (23:50:53) | ERROR: Stall in Runner thread, restarting!
2023/09/04 (23:50:59) | ERROR: Stall in Runner thread, restarting!
2023/09/04 (23:51:05) | ERROR: Stall in Runner thread, restarting!
2023/09/04 (23:51:11) | ERROR: Stall in Runner thread, restarting!
2023/09/04 (23:51:17) | ERROR: Stall in Runner thread, restarting!
2023/09/04 (23:51:23) | ERROR: Stall in Runner thread, restarting!
2023/09/04 (23:51:29) | ERROR: Stall in Runner thread, restarting!
2023/09/04 (23:51:35) | ERROR: Stall in Runner thread, restarting!
2023/09/04 (23:52:30) | ERROR: Stall in Runner thread, restarting!
2023/09/04 (23:52:36) | ERROR: Stall in Runner thread, restarting!
2023/09/04 (23:52:42) | ERROR: Stall in Runner thread, restarting!
2023/09/04 (23:52:48) | ERROR: Stall in Runner thread, restarting!
2023/09/04 (23:52:54) | ERROR: Stall in Runner thread, restarting!
2023/09/04 (23:53:00) | ERROR: Stall in Runner thread, restarting!
2023/09/04 (23:53:06) | ERROR: Stall in Runner thread, restarting!
2023/09/04 (23:53:12) | ERROR: Stall in Runner thread, restarting!
2023/09/04 (23:54:08) | ERROR: Stall in Runner thread, restarting!
2023/09/04 (23:54:14) | ERROR: Stall in Runner thread, restarting!
2023/09/04 (23:54:20) | ERROR: Stall in Runner thread, restarting!
2023/09/04 (23:54:26) | ERROR: Stall in Runner thread, restarting!
2023/09/04 (23:54:32) | ERROR: Stall in Runner thread, restarting!
2023/09/04 (23:54:38) | ERROR: Stall in Runner thread, restarting!
2023/09/04 (23:54:44) | ERROR: Stall in Runner thread, restarting!
2023/09/04 (23:54:50) | ERROR: Stall in Runner thread, restarting!
2023/09/04 (23:55:46) | ERROR: Stall in Runner thread, restarting!
2023/09/04 (23:55:52) | ERROR: Stall in Runner thread, restarting!
2023/09/04 (23:55:58) | ERROR: Stall in Runner thread, restarting!
2023/09/04 (23:56:04) | ERROR: Stall in Runner thread, restarting!
2023/09/04 (23:56:10) | ERROR: Stall in Runner thread, restarting!
2023/09/04 (23:56:16) | ERROR: Stall in Runner thread, restarting!
2023/09/04 (23:56:22) | ERROR: Stall in Runner thread, restarting!
2023/09/04 (23:56:28) | ERROR: Stall in Runner thread, restarting!
2023/09/04 (23:57:24) | ERROR: Stall in Runner thread, restarting!
2023/09/04 (23:57:30) | ERROR: Stall in Runner thread, restarting!
2023/09/04 (23:57:36) | ERROR: Stall in Runner thread, restarting!
2023/09/04 (23:57:42) | ERROR: Stall in Runner thread, restarting!
2023/09/04 (23:57:48) | ERROR: Stall in Runner thread, restarting!
2023/09/04 (23:57:54) | ERROR: Stall in Runner thread, restarting!
2023/09/04 (23:58:00) | ERROR: Stall in Runner thread, restarting!
2023/09/04 (23:58:06) | ERROR: Stall in Runner thread, restarting!
2023/09/04 (23:59:02) | ERROR: Stall in Runner thread, restarting!
2023/09/04 (23:59:08) | ERROR: Stall in Runner thread, restarting!
2023/09/04 (23:59:14) | ERROR: Stall in Runner thread, restarting!
2023/09/04 (23:59:20) | ERROR: Stall in Runner thread, restarting!
2023/09/04 (23:59:26) | ERROR: Stall in Runner thread, restarting!
2023/09/04 (23:59:32) | ERROR: Stall in Runner thread, restarting!
2023/09/04 (23:59:38) | ERROR: Stall in Runner thread, restarting!
2023/09/04 (23:59:44) | ERROR: Stall in Runner thread, restarting!
2023/09/05 (00:00:40) | ERROR: Stall in Runner thread, restarting!
2023/09/05 (00:00:46) | ERROR: Stall in Runner thread, restarting!
2023/09/05 (00:00:52) | ERROR: Stall in Runner thread, restarting!
2023/09/05 (00:00:58) | ERROR: Stall in Runner thread, restarting!
2023/09/05 (00:01:04) | ERROR: Stall in Runner thread, restarting!
2023/09/05 (00:01:10) | ERROR: Stall in Runner thread, restarting!
2023/09/05 (00:01:16) | ERROR: Stall in Runner thread, restarting!
2023/09/05 (00:01:22) | ERROR: Stall in Runner thread, restarting!
2023/09/05 (00:02:18) | ERROR: Stall in Runner thread, restarting!
2023/09/05 (00:02:24) | ERROR: Stall in Runner thread, restarting!
2023/09/05 (00:02:30) | ERROR: Stall in Runner thread, restarting!
2023/09/05 (00:02:36) | ERROR: Stall in Runner thread, restarting!
2023/09/05 (00:02:42) | ERROR: Stall in Runner thread, restarting!
2023/09/05 (00:02:48) | ERROR: Stall in Runner thread, restarting!
2023/09/05 (00:02:54) | ERROR: Stall in Runner thread, restarting!
2023/09/05 (00:03:00) | ERROR: Stall in Runner thread, restarting!
2023/09/05 (00:03:56) | ERROR: Stall in Runner thread, restarting!
2023/09/05 (00:04:02) | ERROR: Stall in Runner thread, restarting!
2023/09/05 (00:04:08) | ERROR: Stall in Runner thread, restarting!
2023/09/05 (00:04:14) | ERROR: Stall in Runner thread, restarting!
2023/09/05 (00:04:20) | ERROR: Stall in Runner thread, restarting!
2023/09/05 (00:04:26) | ERROR: Stall in Runner thread, restarting!
2023/09/05 (00:04:32) | ERROR: Stall in Runner thread, restarting!
2023/09/05 (00:04:38) | ERROR: Stall in Runner thread, restarting!
2023/09/05 (00:05:34) | ERROR: Stall in Runner thread, restarting!
2023/09/05 (00:05:40) | ERROR: Stall in Runner thread, restarting!
2023/09/05 (00:05:46) | ERROR: Stall in Runner thread, restarting!
2023/09/05 (00:05:52) | ERROR: Stall in Runner thread, restarting!
2023/09/05 (00:05:58) | ERROR: Stall in Runner thread, restarting!
2023/09/05 (00:06:04) | ERROR: Stall in Runner thread, restarting!
2023/09/05 (00:06:10) | ERROR: Stall in Runner thread, restarting!
2023/09/05 (00:06:16) | ERROR: Stall in Runner thread, restarting!
2023/09/05 (00:07:12) | ERROR: Stall in Runner thread, restarting!
2023/09/05 (00:07:18) | ERROR: Stall in Runner thread, restarting!
2023/09/05 (00:07:24) | ERROR: Stall in Runner thread, restarting!
2023/09/05 (00:07:30) | ERROR: Stall in Runner thread, restarting!
2023/09/05 (00:07:36) | ERROR: Stall in Runner thread, restarting!
2023/09/05 (00:07:42) | ERROR: Stall in Runner thread, restarting!
2023/09/05 (00:07:48) | ERROR: Stall in Runner thread, restarting!
2023/09/05 (00:07:54) | ERROR: Stall in Runner thread, restarting!
2023/09/05 (00:08:49) | ERROR: Stall in Runner thread, restarting!
2023/09/05 (00:08:55) | ERROR: Stall in Runner thread, restarting!
2023/09/05 (00:09:01) | ERROR: Stall in Runner thread, restarting!
2023/09/05 (00:09:07) | ERROR: Stall in Runner thread, restarting!
2023/09/05 (00:09:13) | ERROR: Stall in Runner thread, restarting!
2023/09/05 (00:09:19) | ERROR: Stall in Runner thread, restarting!
2023/09/05 (00:09:25) | ERROR: Stall in Runner thread, restarting!
2023/09/05 (00:09:31) | ERROR: Stall in Runner thread, restarting!
2023/09/05 (00:10:28) | ERROR: Stall in Runner thread, restarting!
2023/09/05 (00:10:34) | ERROR: Stall in Runner thread, restarting!
2023/09/05 (00:10:40) | ERROR: Stall in Runner thread, restarting!
2023/09/05 (00:10:46) | ERROR: Stall in Runner thread, restarting!
2023/09/05 (00:10:52) | ERROR: Stall in Runner thread, restarting!
2023/09/05 (00:10:58) | ERROR: Stall in Runner thread, restarting!
2023/09/05 (00:11:03) | ERROR: Stall in Runner thread, restarting!
2023/09/05 (00:11:09) | ERROR: Stall in Runner thread, restarting!
2023/09/05 (00:12:04) | ERROR: Stall in Runner thread, restarting!
2023/09/05 (00:12:10) | ERROR: Stall in Runner thread, restarting!
2023/09/05 (00:12:16) | ERROR: Stall in Runner thread, restarting!
2023/09/05 (00:12:22) | ERROR: Stall in Runner thread, restarting!
2023/09/05 (00:12:28) | ERROR: Stall in Runner thread, restarting!
2023/09/05 (00:12:34) | ERROR: Stall in Runner thread, restarting!
2023/09/05 (00:12:40) | ERROR: Stall in Runner thread, restarting!
2023/09/05 (00:12:46) | ERROR: Stall in Runner thread, restarting!
2023/09/05 (00:13:42) | ERROR: Stall in Runner thread, restarting!
2023/09/05 (00:13:48) | ERROR: Stall in Runner thread, restarting!
2023/09/05 (00:13:54) | ERROR: Stall in Runner thread, restarting!
2023/09/05 (00:14:00) | ERROR: Stall in Runner thread, restarting!
2023/09/05 (00:14:06) | ERROR: Stall in Runner thread, restarting!
2023/09/05 (00:14:12) | ERROR: Stall in Runner thread, restarting!
2023/09/05 (00:14:18) | ERROR: Stall in Runner thread, restarting!
2023/09/05 (00:14:24) | ERROR: Stall in Runner thread, restarting!
2023/09/05 (00:15:20) | ERROR: Stall in Runner thread, restarting!
2023/09/05 (00:15:26) | ERROR: Stall in Runner thread, restarting!
2023/09/05 (00:15:32) | ERROR: Stall in Runner thread, restarting!
2023/09/05 (00:15:38) | ERROR: Stall in Runner thread, restarting!
2023/09/05 (00:15:44) | ERROR: Stall in Runner thread, restarting!
2023/09/05 (00:15:50) | ERROR: Stall in Runner thread, restarting!
2023/09/05 (00:15:56) | ERROR: Stall in Runner thread, restarting!
2023/09/05 (00:16:02) | ERROR: Stall in Runner thread, restarting!
2023/09/05 (00:16:58) | ERROR: Stall in Runner thread, restarting!
2023/09/05 (00:17:04) | ERROR: Stall in Runner thread, restarting!
2023/09/05 (00:17:10) | ERROR: Stall in Runner thread, restarting!
2023/09/05 (00:17:16) | ERROR: Stall in Runner thread, restarting!
2023/09/05 (00:17:22) | ERROR: Stall in Runner thread, restarting!
2023/09/05 (00:17:28) | ERROR: Stall in Runner thread, restarting!
2023/09/05 (00:17:34) | ERROR: Stall in Runner thread, restarting!
2023/09/05 (00:17:40) | ERROR: Stall in Runner thread, restarting!
2023/09/05 (00:18:36) | ERROR: Stall in Runner thread, restarting!
2023/09/05 (00:18:42) | ERROR: Stall in Runner thread, restarting!
2023/09/05 (00:18:48) | ERROR: Stall in Runner thread, restarting!
2023/09/05 (00:18:54) | ERROR: Stall in Runner thread, restarting!
2023/09/05 (00:19:00) | ERROR: Stall in Runner thread, restarting!
2023/09/05 (00:19:06) | ERROR: Stall in Runner thread, restarting!
2023/09/05 (00:19:11) | ERROR: Stall in Runner thread, restarting!
2023/09/05 (00:19:17) | ERROR: Stall in Runner thread, restarting!
2023/09/05 (00:20:13) | ERROR: Stall in Runner thread, restarting!
2023/09/05 (00:20:19) | ERROR: Stall in Runner thread, restarting!
2023/09/05 (00:20:25) | ERROR: Stall in Runner thread, restarting!
2023/09/05 (00:20:31) | ERROR: Stall in Runner thread, restarting!
2023/09/05 (00:20:37) | ERROR: Stall in Runner thread, restarting!
2023/09/05 (00:20:43) | ERROR: Stall in Runner thread, restarting!
2023/09/05 (00:20:49) | ERROR: Stall in Runner thread, restarting!
2023/09/05 (00:20:55) | ERROR: Stall in Runner thread, restarting!
2023/09/05 (00:21:51) | ERROR: Stall in Runner thread, restarting!
2023/09/05 (00:21:57) | ERROR: Stall in Runner thread, restarting!
2023/09/05 (00:22:03) | ERROR: Stall in Runner thread, restarting!
2023/09/05 (00:22:09) | ERROR: Stall in Runner thread, restarting!
2023/09/05 (00:22:15) | ERROR: Stall in Runner thread, restarting!
2023/09/05 (00:22:21) | ERROR: Stall in Runner thread, restarting!
2023/09/05 (00:22:27) | ERROR: Stall in Runner thread, restarting!
2023/09/05 (00:22:33) | ERROR: Stall in Runner thread, restarting!
2023/09/05 (00:23:29) | ERROR: Stall in Runner thread, restarting!
2023/09/05 (00:23:35) | ERROR: Stall in Runner thread, restarting!
2023/09/05 (00:23:41) | ERROR: Stall in Runner thread, restarting!
2023/09/05 (00:23:47) | ERROR: Stall in Runner thread, restarting!
2023/09/05 (00:23:53) | ERROR: Stall in Runner thread, restarting!
2023/09/05 (00:23:59) | ERROR: Stall in Runner thread, restarting!
2023/09/05 (00:24:05) | ERROR: Stall in Runner thread, restarting!
2023/09/05 (00:24:11) | ERROR: Stall in Runner thread, restarting!
2023/09/05 (00:25:07) | ERROR: Stall in Runner thread, restarting!
2023/09/05 (00:25:13) | ERROR: Stall in Runner thread, restarting!
2023/09/05 (00:25:19) | ERROR: Stall in Runner thread, restarting!
2023/09/05 (00:25:24) | ERROR: Stall in Runner thread, restarting!
2023/09/05 (00:25:30) | ERROR: Stall in Runner thread, restarting!
2023/09/05 (00:25:36) | ERROR: Stall in Runner thread, restarting!
2023/09/05 (00:25:42) | ERROR: Stall in Runner thread, restarting!
2023/09/05 (00:25:48) | ERROR: Stall in Runner thread, restarting!
2023/09/05 (00:26:44) | ERROR: Stall in Runner thread, restarting!
2023/09/05 (00:26:50) | ERROR: Stall in Runner thread, restarting!
2023/09/05 (00:27:45) | ERROR: Stall in Runner thread, restarting!
2023/09/05 (00:27:51) | ERROR: Stall in Runner thread, restarting!
2023/09/05 (00:27:57) | ERROR: Stall in Runner thread, restarting!
2023/09/05 (00:28:03) | ERROR: Stall in Runner thread, restarting!
2023/09/05 (00:28:09) | ERROR: Stall in Runner thread, restarting!
2023/09/05 (00:28:15) | ERROR: Stall in Runner thread, restarting!
2023/09/05 (00:28:21) | ERROR: Stall in Runner thread, restarting!
2023/09/05 (00:28:27) | ERROR: Stall in Runner thread, restarting!
2023/09/05 (00:29:22) | ERROR: Stall in Runner thread, restarting!
2023/09/05 (00:29:28) | ERROR: Stall in Runner thread, restarting!
2023/09/05 (00:29:34) | ERROR: Stall in Runner thread, restarting!
2023/09/05 (00:29:40) | ERROR: Stall in Runner thread, restarting!
2023/09/05 (00:29:46) | ERROR: Stall in Runner thread, restarting!
2023/09/05 (00:29:52) | ERROR: Stall in Runner thread, restarting!
2023/09/05 (00:29:58) | ERROR: Stall in Runner thread, restarting!
2023/09/05 (00:30:04) | ERROR: Stall in Runner thread, restarting!
2023/09/05 (00:31:00) | ERROR: Stall in Runner thread, restarting!
2023/09/05 (00:31:06) | ERROR: Stall in Runner thread, restarting!
2023/09/05 (00:31:12) | ERROR: Stall in Runner thread, restarting!
2023/09/05 (00:31:18) | ERROR: Stall in Runner thread, restarting!
2023/09/05 (00:31:24) | ERROR: Stall in Runner thread, restarting!
2023/09/05 (00:31:30) | ERROR: Stall in Runner thread, restarting!
2023/09/05 (00:31:36) | ERROR: Stall in Runner thread, restarting!
2023/09/05 (00:31:42) | ERROR: Stall in Runner thread, restarting!
2023/09/05 (00:32:37) | ERROR: Stall in Runner thread, restarting!
2023/09/05 (00:32:43) | ERROR: Stall in Runner thread, restarting!
2023/09/05 (00:32:49) | ERROR: Stall in Runner thread, restarting!
2023/09/05 (00:32:55) | ERROR: Stall in Runner thread, restarting!
2023/09/05 (00:33:01) | ERROR: Stall in Runner thread, restarting!
2023/09/05 (00:33:07) | ERROR: Stall in Runner thread, restarting!
2023/09/05 (00:33:13) | ERROR: Stall in Runner thread, restarting!
2023/09/05 (00:33:19) | ERROR: Stall in Runner thread, restarting!
2023/09/05 (00:34:15) | ERROR: Stall in Runner thread, restarting!
2023/09/05 (00:34:21) | ERROR: Stall in Runner thread, restarting!
2023/09/05 (00:34:27) | ERROR: Stall in Runner thread, restarting!
2023/09/05 (00:34:33) | ERROR: Stall in Runner thread, restarting!
2023/09/05 (00:34:39) | ERROR: Stall in Runner thread, restarting!
2023/09/05 (00:34:45) | ERROR: Stall in Runner thread, restarting!
2023/09/05 (00:34:51) | ERROR: Stall in Runner thread, restarting!
2023/09/05 (00:34:57) | ERROR: Stall in Runner thread, restarting!
2023/09/05 (00:35:52) | ERROR: Stall in Runner thread, restarting!
2023/09/05 (00:35:58) | ERROR: Stall in Runner thread, restarting!
2023/09/05 (00:36:04) | ERROR: Stall in Runner thread, restarting!
2023/09/05 (00:36:09) | ERROR: Stall in Runner thread, restarting!
2023/09/05 (00:36:15) | ERROR: Stall in Runner thread, restarting!
2023/09/05 (00:36:21) | ERROR: Stall in Runner thread, restarting!
2023/09/05 (00:36:26) | ERROR: Stall in Runner thread, restarting!
2023/09/05 (00:36:32) | ERROR: Stall in Runner thread, restarting!
2023/09/05 (00:37:27) | ERROR: Stall in Runner thread, restarting!
2023/09/05 (00:37:33) | ERROR: Stall in Runner thread, restarting!
2023/09/05 (00:37:39) | ERROR: Stall in Runner thread, restarting!
2023/09/05 (00:37:45) | ERROR: Stall in Runner thread, restarting!
2023/09/05 (00:37:51) | ERROR: Stall in Runner thread, restarting!
2023/09/05 (00:37:57) | ERROR: Stall in Runner thread, restarting!
2023/09/05 (00:38:03) | ERROR: Stall in Runner thread, restarting!
2023/09/05 (00:38:09) | ERROR: Stall in Runner thread, restarting!
2023/09/05 (00:39:05) | ERROR: Stall in Runner thread, restarting!
2023/09/05 (00:39:11) | ERROR: Stall in Runner thread, restarting!
2023/09/05 (00:39:17) | ERROR: Stall in Runner thread, restarting!
2023/09/05 (00:39:23) | ERROR: Stall in Runner thread, restarting!
2023/09/05 (00:39:29) | ERROR: Stall in Runner thread, restarting!
2023/09/05 (00:39:35) | ERROR: Stall in Runner thread, restarting!
2023/09/05 (00:39:41) | ERROR: Stall in Runner thread, restarting!
2023/09/05 (00:39:46) | ERROR: Stall in Runner thread, restarting!
2023/09/05 (00:40:41) | ERROR: Stall in Runner thread, restarting!
2023/09/05 (00:40:47) | ERROR: Stall in Runner thread, restarting!
2023/09/05 (00:40:53) | ERROR: Stall in Runner thread, restarting!
2023/09/05 (00:40:59) | ERROR: Stall in Runner thread, restarting!
2023/09/05 (00:41:05) | ERROR: Stall in Runner thread, restarting!
2023/09/05 (00:41:11) | ERROR: Stall in Runner thread, restarting!
2023/09/05 (00:41:17) | ERROR: Stall in Runner thread, restarting!
2023/09/05 (00:41:23) | ERROR: Stall in Runner thread, restarting!
2023/09/05 (00:42:19) | ERROR: Stall in Runner thread, restarting!
2023/09/05 (00:42:25) | ERROR: Stall in Runner thread, restarting!
2023/09/05 (00:42:31) | ERROR: Stall in Runner thread, restarting!
2023/09/05 (00:42:37) | ERROR: Stall in Runner thread, restarting!
2023/09/05 (00:42:43) | ERROR: Stall in Runner thread, restarting!
2023/09/05 (00:42:49) | ERROR: Stall in Runner thread, restarting!
2023/09/05 (00:42:56) | ERROR: Stall in Runner thread, restarting!
2023/09/05 (00:43:02) | ERROR: Stall in Runner thread, restarting!
2023/09/05 (00:43:57) | ERROR: Stall in Runner thread, restarting!
2023/09/05 (00:44:03) | ERROR: Stall in Runner thread, restarting!
2023/09/05 (00:44:09) | ERROR: Stall in Runner thread, restarting!
2023/09/05 (00:44:15) | ERROR: Stall in Runner thread, restarting!
2023/09/05 (00:44:21) | ERROR: Stall in Runner thread, restarting!
2023/09/05 (00:44:27) | ERROR: Stall in Runner thread, restarting!
2023/09/05 (00:44:33) | ERROR: Stall in Runner thread, restarting!
2023/09/05 (00:44:39) | ERROR: Stall in Runner thread, restarting!
2023/09/05 (00:45:35) | ERROR: Stall in Runner thread, restarting!
2023/09/05 (00:45:41) | ERROR: Stall in Runner thread, restarting!
2023/09/05 (00:45:47) | ERROR: Stall in Runner thread, restarting!
2023/09/05 (00:45:53) | ERROR: Stall in Runner thread, restarting!
2023/09/05 (00:45:59) | ERROR: Stall in Runner thread, restarting!
2023/09/05 (00:46:05) | ERROR: Stall in Runner thread, restarting!
2023/09/05 (00:46:11) | ERROR: Stall in Runner thread, restarting!
2023/09/05 (00:46:17) | ERROR: Stall in Runner thread, restarting!
2023/09/05 (00:47:13) | ERROR: Stall in Runner thread, restarting!
2023/09/05 (00:47:19) | ERROR: Stall in Runner thread, restarting!
2023/09/05 (00:47:25) | ERROR: Stall in Runner thread, restarting!
2023/09/05 (00:47:31) | ERROR: Stall in Runner thread, restarting!
2023/09/05 (00:47:37) | ERROR: Stall in Runner thread, restarting!
2023/09/05 (00:47:43) | ERROR: Stall in Runner thread, restarting!
2023/09/05 (00:47:49) | ERROR: Stall in Runner thread, restarting!
2023/09/05 (00:47:55) | ERROR: Stall in Runner thread, restarting!
2023/09/05 (00:48:51) | ERROR: Stall in Runner thread, restarting!
2023/09/05 (00:48:57) | ERROR: Stall in Runner thread, restarting!
2023/09/05 (00:49:03) | ERROR: Stall in Runner thread, restarting!
2023/09/05 (00:49:09) | ERROR: Stall in Runner thread, restarting!
2023/09/05 (00:49:15) | ERROR: Stall in Runner thread, restarting!
2023/09/05 (00:49:21) | ERROR: Stall in Runner thread, restarting!
2023/09/05 (00:49:27) | ERROR: Stall in Runner thread, restarting!
2023/09/05 (00:49:33) | ERROR: Stall in Runner thread, restarting!
2023/09/05 (00:50:29) | ERROR: Stall in Runner thread, restarting!
2023/09/05 (00:50:35) | ERROR: Stall in Runner thread, restarting!
2023/09/05 (00:50:41) | ERROR: Stall in Runner thread, restarting!
2023/09/05 (00:50:47) | ERROR: Stall in Runner thread, restarting!
2023/09/05 (00:50:53) | ERROR: Stall in Runner thread, restarting!
2023/09/05 (00:50:59) | ERROR: Stall in Runner thread, restarting!
2023/09/05 (00:51:05) | ERROR: Stall in Runner thread, restarting!
2023/09/05 (00:51:11) | ERROR: Stall in Runner thread, restarting!
2023/09/05 (00:52:07) | ERROR: Stall in Runner thread, restarting!
2023/09/05 (00:52:13) | ERROR: Stall in Runner thread, restarting!
2023/09/05 (00:52:19) | ERROR: Stall in Runner thread, restarting!
2023/09/05 (00:52:25) | ERROR: Stall in Runner thread, restarting!
2023/09/05 (00:52:31) | ERROR: Stall in Runner thread, restarting!
2023/09/05 (00:52:36) | ERROR: Stall in Runner thread, restarting!
2023/09/05 (00:52:42) | ERROR: Stall in Runner thread, restarting!
2023/09/05 (00:52:48) | ERROR: Stall in Runner thread, restarting!
2023/09/05 (00:53:44) | ERROR: Stall in Runner thread, restarting!
2023/09/05 (00:53:49) | ERROR: Stall in Runner thread, restarting!
2023/09/05 (00:53:55) | ERROR: Stall in Runner thread, restarting!
2023/09/05 (00:54:50) | ERROR: Stall in Runner thread, restarting!
2023/09/05 (00:54:56) | ERROR: Stall in Runner thread, restarting!
2023/09/05 (00:55:03) | ERROR: Stall in Runner thread, restarting!
2023/09/05 (00:55:09) | ERROR: Stall in Runner thread, restarting!
2023/09/05 (00:55:15) | ERROR: Stall in Runner thread, restarting!
2023/09/05 (00:55:21) | ERROR: Stall in Runner thread, restarting!
2023/09/05 (00:55:27) | ERROR: Stall in Runner thread, restarting!
2023/09/05 (00:55:33) | ERROR: Stall in Runner thread, restarting!
2023/09/05 (00:56:29) | ERROR: Stall in Runner thread, restarting!
2023/09/05 (00:56:35) | ERROR: Stall in Runner thread, restarting!
2023/09/05 (00:56:41) | ERROR: Stall in Runner thread, restarting!
2023/09/05 (00:56:47) | ERROR: Stall in Runner thread, restarting!
2023/09/05 (00:56:52) | ERROR: Stall in Runner thread, restarting!
2023/09/05 (00:56:58) | ERROR: Stall in Runner thread, restarting!
2023/09/05 (00:57:04) | ERROR: Stall in Runner thread, restarting!
2023/09/05 (00:57:10) | ERROR: Stall in Runner thread, restarting!
2023/09/05 (00:58:05) | ERROR: Stall in Runner thread, restarting!
2023/09/05 (00:58:11) | ERROR: Stall in Runner thread, restarting!
2023/09/05 (00:58:17) | ERROR: Stall in Runner thread, restarting!
2023/09/05 (00:58:23) | ERROR: Stall in Runner thread, restarting!
2023/09/05 (00:58:29) | ERROR: Stall in Runner thread, restarting!
2023/09/05 (00:58:35) | ERROR: Stall in Runner thread, restarting!
2023/09/05 (00:58:41) | ERROR: Stall in Runner thread, restarting!
2023/09/05 (00:58:47) | ERROR: Stall in Runner thread, restarting!
2023/09/05 (00:59:43) | ERROR: Stall in Runner thread, restarting!
2023/09/05 (00:59:49) | ERROR: Stall in Runner thread, restarting!
2023/09/05 (00:59:55) | ERROR: Stall in Runner thread, restarting!
2023/09/05 (01:00:01) | ERROR: Stall in Runner thread, restarting!
2023/09/05 (01:00:07) | ERROR: Stall in Runner thread, restarting!
2023/09/05 (01:00:13) | ERROR: Stall in Runner thread, restarting!
2023/09/05 (01:00:19) | ERROR: Stall in Runner thread, restarting!
2023/09/05 (01:00:25) | ERROR: Stall in Runner thread, restarting!
2023/09/05 (01:01:21) | ERROR: Stall in Runner thread, restarting!
2023/09/05 (01:01:27) | ERROR: Stall in Runner thread, restarting!
2023/09/05 (01:01:33) | ERROR: Stall in Runner thread, restarting!
2023/09/05 (01:01:39) | ERROR: Stall in Runner thread, restarting!
2023/09/05 (01:01:45) | ERROR: Stall in Runner thread, restarting!
2023/09/05 (01:01:51) | ERROR: Stall in Runner thread, restarting!
2023/09/05 (01:01:57) | ERROR: Stall in Runner thread, restarting!
2023/09/05 (01:02:03) | ERROR: Stall in Runner thread, restarting!
2023/09/05 (01:02:59) | ERROR: Stall in Runner thread, restarting!
2023/09/05 (01:03:05) | ERROR: Stall in Runner thread, restarting!
2023/09/05 (01:03:11) | ERROR: Stall in Runner thread, restarting!
2023/09/05 (01:03:17) | ERROR: Stall in Runner thread, restarting!
2023/09/05 (01:03:23) | ERROR: Stall in Runner thread, restarting!
2023/09/05 (01:03:29) | ERROR: Stall in Runner thread, restarting!
2023/09/05 (01:03:35) | ERROR: Stall in Runner thread, restarting!
2023/09/05 (01:03:41) | ERROR: Stall in Runner thread, restarting!
2023/09/05 (01:04:37) | ERROR: Stall in Runner thread, restarting!
2023/09/05 (01:04:43) | ERROR: Stall in Runner thread, restarting!
2023/09/05 (01:04:49) | ERROR: Stall in Runner thread, restarting!
2023/09/05 (01:04:55) | ERROR: Stall in Runner thread, restarting!
2023/09/05 (01:05:01) | ERROR: Stall in Runner thread, restarting!
2023/09/05 (01:05:07) | ERROR: Stall in Runner thread, restarting!
2023/09/05 (01:05:13) | ERROR: Stall in Runner thread, restarting!
2023/09/05 (01:05:19) | ERROR: Stall in Runner thread, restarting!
2023/09/05 (01:06:15) | ERROR: Stall in Runner thread, restarting!
2023/09/05 (01:06:20) | ERROR: Stall in Runner thread, restarting!
2023/09/05 (01:06:26) | ERROR: Stall in Runner thread, restarting!
2023/09/05 (01:06:32) | ERROR: Stall in Runner thread, restarting!
2023/09/05 (01:06:38) | ERROR: Stall in Runner thread, restarting!
2023/09/05 (01:06:44) | ERROR: Stall in Runner thread, restarting!
2023/09/05 (01:06:50) | ERROR: Stall in Runner thread, restarting!
2023/09/05 (01:06:56) | ERROR: Stall in Runner thread, restarting!
2023/09/05 (01:07:52) | ERROR: Stall in Runner thread, restarting!
2023/09/05 (01:07:58) | ERROR: Stall in Runner thread, restarting!
2023/09/05 (01:08:04) | ERROR: Stall in Runner thread, restarting!
2023/09/05 (01:08:10) | ERROR: Stall in Runner thread, restarting!
2023/09/05 (01:08:16) | ERROR: Stall in Runner thread, restarting!
2023/09/05 (01:08:22) | ERROR: Stall in Runner thread, restarting!
2023/09/05 (01:08:28) | ERROR: Stall in Runner thread, restarting!
2023/09/05 (01:08:34) | ERROR: Stall in Runner thread, restarting!
2023/09/05 (01:09:30) | ERROR: Stall in Runner thread, restarting!
2023/09/05 (01:09:36) | ERROR: Stall in Runner thread, restarting!
2023/09/05 (01:09:42) | ERROR: Stall in Runner thread, restarting!
2023/09/05 (01:09:48) | ERROR: Stall in Runner thread, restarting!
2023/09/05 (01:09:54) | ERROR: Stall in Runner thread, restarting!
2023/09/05 (01:10:00) | ERROR: Stall in Runner thread, restarting!
2023/09/05 (01:10:06) | ERROR: Stall in Runner thread, restarting!
2023/09/05 (01:10:12) | ERROR: Stall in Runner thread, restarting!
2023/09/05 (01:11:07) | ERROR: Stall in Runner thread, restarting!
2023/09/05 (01:11:13) | ERROR: Stall in Runner thread, restarting!
2023/09/05 (01:11:19) | ERROR: Stall in Runner thread, restarting!
2023/09/05 (01:11:25) | ERROR: Stall in Runner thread, restarting!
2023/09/05 (01:11:31) | ERROR: Stall in Runner thread, restarting!
2023/09/05 (01:11:37) | ERROR: Stall in Runner thread, restarting!
2023/09/05 (01:11:44) | ERROR: Stall in Runner thread, restarting!
2023/09/05 (01:11:50) | ERROR: Stall in Runner thread, restarting!
2023/09/05 (01:12:46) | ERROR: Stall in Runner thread, restarting!
2023/09/05 (01:12:52) | ERROR: Stall in Runner thread, restarting!
2023/09/05 (01:12:58) | ERROR: Stall in Runner thread, restarting!
2023/09/05 (01:13:04) | ERROR: Stall in Runner thread, restarting!
2023/09/05 (01:13:10) | ERROR: Stall in Runner thread, restarting!
2023/09/05 (01:13:16) | ERROR: Stall in Runner thread, restarting!
2023/09/05 (01:13:22) | ERROR: Stall in Runner thread, restarting!
2023/09/05 (01:13:28) | ERROR: Stall in Runner thread, restarting!
2023/09/05 (01:14:23) | ERROR: Stall in Runner thread, restarting!
2023/09/05 (01:14:30) | ERROR: Stall in Runner thread, restarting!
2023/09/05 (01:14:37) | ERROR: Stall in Runner thread, restarting!
2023/09/05 (01:14:44) | ERROR: Stall in Runner thread, restarting!
2023/09/05 (01:14:51) | ERROR: Stall in Runner thread, restarting!
2023/09/05 (01:14:58) | ERROR: Stall in Runner thread, restarting!
2023/09/05 (01:15:05) | ERROR: Stall in Runner thread, restarting!

2023/09/05 (01:15:54) | ===> btop++ v.1.2.13
2023/09/05 (01:15:54) | ERROR: Stall in Runner thread, restarting!
2023/09/05 (01:16:00) | ERROR: Stall in Runner thread, restarting!
2023/09/05 (01:16:01) | ERROR: Stall in Runner thread, restarting!
2023/09/05 (01:16:06) | ERROR: Stall in Runner thread, restarting!
2023/09/05 (01:16:08) | ERROR: Stall in Runner thread, restarting!
2023/09/05 (01:16:12) | ERROR: Stall in Runner thread, restarting!
2023/09/05 (01:16:15) | ERROR: Stall in Runner thread, restarting!
2023/09/05 (01:16:18) | ERROR: Stall in Runner thread, restarting!
2023/09/05 (01:16:22) | ERROR: Stall in Runner thread, restarting!
2023/09/05 (01:16:24) | ERROR: Stall in Runner thread, restarting!
2023/09/05 (01:16:29) | ERROR: Stall in Runner thread, restarting!
2023/09/05 (01:16:30) | ERROR: Stall in Runner thread, restarting!
2023/09/05 (01:16:36) | ERROR: Stall in Runner thread, restarting!
2023/09/05 (01:16:36) | ERROR: Stall in Runner thread, restarting!
2023/09/05 (01:16:43) | ERROR: Stall in Runner thread, restarting!
2023/09/05 (01:17:31) | ERROR: Stall in Runner thread, restarting!
2023/09/05 (01:17:37) | ERROR: Stall in Runner thread, restarting!
2023/09/05 (01:17:39) | ERROR: Stall in Runner thread, restarting!
2023/09/05 (01:17:43) | ERROR: Stall in Runner thread, restarting!
2023/09/05 (01:17:46) | ERROR: Stall in Runner thread, restarting!
2023/09/05 (01:17:49) | ERROR: Stall in Runner thread, restarting!
2023/09/05 (01:17:53) | ERROR: Stall in Runner thread, restarting!
2023/09/05 (01:17:55) | ERROR: Stall in Runner thread, restarting!
2023/09/05 (01:18:00) | ERROR: Stall in Runner thread, restarting!
2023/09/05 (01:18:01) | ERROR: Stall in Runner thread, restarting!
2023/09/05 (01:18:07) | ERROR: Stall in Runner thread, restarting!
2023/09/05 (01:18:07) | ERROR: Stall in Runner thread, restarting!
2023/09/05 (01:18:13) | ERROR: Stall in Runner thread, restarting!
2023/09/05 (01:18:14) | ERROR: Stall in Runner thread, restarting!
2023/09/05 (01:18:21) | ERROR: Stall in Runner thread, restarting!
2023/09/05 (01:19:09) | ERROR: Stall in Runner thread, restarting!
2023/09/05 (01:19:15) | ERROR: Stall in Runner thread, restarting!
2023/09/05 (01:19:17) | ERROR: Stall in Runner thread, restarting!
2023/09/05 (01:19:21) | ERROR: Stall in Runner thread, restarting!
2023/09/05 (01:19:24) | ERROR: Stall in Runner thread, restarting!
2023/09/05 (01:19:27) | ERROR: Stall in Runner thread, restarting!
2023/09/05 (01:19:31) | ERROR: Stall in Runner thread, restarting!
2023/09/05 (01:19:33) | ERROR: Stall in Runner thread, restarting!
2023/09/05 (01:19:38) | ERROR: Stall in Runner thread, restarting!
2023/09/05 (01:19:39) | ERROR: Stall in Runner thread, restarting!
2023/09/05 (01:19:45) | ERROR: Stall in Runner thread, restarting!
2023/09/05 (01:19:45) | ERROR: Stall in Runner thread, restarting!
2023/09/05 (01:19:51) | ERROR: Stall in Runner thread, restarting!
2023/09/05 (01:19:52) | ERROR: Stall in Runner thread, restarting!
2023/09/05 (01:19:59) | ERROR: Stall in Runner thread, restarting!
2023/09/05 (01:20:46) | ERROR: Stall in Runner thread, restarting!
2023/09/05 (01:20:52) | ERROR: Stall in Runner thread, restarting!
2023/09/05 (01:20:55) | ERROR: Stall in Runner thread, restarting!
2023/09/05 (01:20:58) | ERROR: Stall in Runner thread, restarting!
2023/09/05 (01:21:02) | ERROR: Stall in Runner thread, restarting!
2023/09/05 (01:21:04) | ERROR: Stall in Runner thread, restarting!
2023/09/05 (01:21:09) | ERROR: Stall in Runner thread, restarting!
2023/09/05 (01:21:10) | ERROR: Stall in Runner thread, restarting!
2023/09/05 (01:21:16) | ERROR: Stall in Runner thread, restarting!
2023/09/05 (01:21:23) | ERROR: Stall in Runner thread, restarting!

2023/09/05 (01:22:34) | ===> btop++ v.1.2.13
2023/09/05 (01:22:34) | ERROR: Stall in Runner thread, restarting!
2023/09/05 (01:22:40) | ERROR: Stall in Runner thread, restarting!
2023/09/05 (01:22:46) | ERROR: Stall in Runner thread, restarting!

2023/09/05 (01:22:46) | ===> btop++ v.1.2.13
2023/09/05 (01:22:46) | ERROR: Stall in Runner thread, restarting!
2023/09/05 (01:22:52) | ERROR: Stall in Runner thread, restarting!
2023/09/05 (01:22:52) | ERROR: Stall in Runner thread, restarting!
2023/09/05 (01:22:58) | ERROR: Stall in Runner thread, restarting!
2023/09/05 (01:22:58) | ERROR: Stall in Runner thread, restarting!
2023/09/05 (01:23:04) | ERROR: Stall in Runner thread, restarting!
2023/09/05 (01:23:04) | ERROR: Stall in Runner thread, restarting!
2023/09/05 (01:23:10) | ERROR: Stall in Runner thread, restarting!
2023/09/05 (01:23:10) | ERROR: Stall in Runner thread, restarting!
2023/09/05 (01:23:16) | ERROR: Stall in Runner thread, restarting!
2023/09/05 (01:23:16) | ERROR: Stall in Runner thread, restarting!
2023/09/05 (01:23:22) | ERROR: Stall in Runner thread, restarting!
2023/09/05 (01:23:28) | ERROR: Stall in Runner thread, restarting!
2023/09/05 (01:24:11) | ERROR: Stall in Runner thread, restarting!
2023/09/05 (01:24:17) | ERROR: Stall in Runner thread, restarting!
2023/09/05 (01:24:24) | ERROR: Stall in Runner thread, restarting!
2023/09/05 (01:24:30) | ERROR: Stall in Runner thread, restarting!
2023/09/05 (01:24:36) | ERROR: Stall in Runner thread, restarting!
2023/09/05 (01:24:42) | ERROR: Stall in Runner thread, restarting!
2023/09/05 (01:24:48) | ERROR: Stall in Runner thread, restarting!
2023/09/05 (01:24:54) | ERROR: Stall in Runner thread, restarting!
2023/09/05 (01:25:00) | ERROR: Stall in Runner thread, restarting!
2023/09/05 (01:25:06) | ERROR: Stall in Runner thread, restarting!
2023/09/05 (01:25:07) | ERROR: No response from Runner thread, quitting!
2023/09/05 (01:26:02) | ERROR: Stall in Runner thread, restarting!
2023/09/05 (01:26:08) | ERROR: Stall in Runner thread, restarting!
2023/09/05 (01:26:14) | ERROR: Stall in Runner thread, restarting!
2023/09/05 (01:26:20) | ERROR: Stall in Runner thread, restarting!
2023/09/05 (01:26:26) | ERROR: Stall in Runner thread, restarting!
2023/09/05 (01:26:32) | ERROR: Stall in Runner thread, restarting!
2023/09/05 (01:26:38) | ERROR: Stall in Runner thread, restarting!
2023/09/05 (01:26:44) | ERROR: Stall in Runner thread, restarting!
2023/09/05 (01:27:40) | ERROR: Stall in Runner thread, restarting!
2023/09/05 (01:27:46) | ERROR: Stall in Runner thread, restarting!
2023/09/05 (01:27:52) | ERROR: Stall in Runner thread, restarting!
2023/09/05 (01:27:58) | ERROR: Stall in Runner thread, restarting!
2023/09/05 (01:28:04) | ERROR: Stall in Runner thread, restarting!
2023/09/05 (01:28:10) | ERROR: Stall in Runner thread, restarting!
2023/09/05 (01:29:06) | ERROR: Stall in Runner thread, restarting!
2023/09/05 (01:29:12) | ERROR: Stall in Runner thread, restarting!
2023/09/05 (01:29:18) | ERROR: Stall in Runner thread, restarting!
2023/09/05 (01:29:24) | ERROR: Stall in Runner thread, restarting!
2023/09/05 (01:29:30) | ERROR: Stall in Runner thread, restarting!
2023/09/05 (01:29:36) | ERROR: Stall in Runner thread, restarting!
2023/09/05 (01:29:42) | ERROR: Stall in Runner thread, restarting!
2023/09/05 (01:29:48) | ERROR: Stall in Runner thread, restarting!
2023/09/05 (01:30:43) | ERROR: Stall in Runner thread, restarting!
2023/09/05 (01:30:49) | ERROR: Stall in Runner thread, restarting!
2023/09/05 (01:30:55) | ERROR: Stall in Runner thread, restarting!
2023/09/05 (01:31:01) | ERROR: Stall in Runner thread, restarting!
2023/09/05 (01:31:07) | ERROR: Stall in Runner thread, restarting!
2023/09/05 (01:31:13) | ERROR: Stall in Runner thread, restarting!
2023/09/05 (01:31:19) | ERROR: Stall in Runner thread, restarting!
2023/09/05 (01:31:25) | ERROR: Stall in Runner thread, restarting!

2023/09/06 (23:51:06) | ===> btop++ v.1.2.13
2023/09/06 (23:51:06) | ERROR: Stall in Runner thread, restarting!
2023/09/06 (23:51:12) | ERROR: Stall in Runner thread, restarting!
2023/09/06 (23:51:18) | ERROR: Stall in Runner thread, restarting!
2023/09/06 (23:51:24) | ERROR: Stall in Runner thread, restarting!
2023/09/06 (23:51:30) | ERROR: Stall in Runner thread, restarting!
2023/09/06 (23:51:36) | ERROR: Stall in Runner thread, restarting!
2023/09/06 (23:51:42) | ERROR: Stall in Runner thread, restarting!
2023/09/06 (23:51:48) | ERROR: Stall in Runner thread, restarting!
2023/09/06 (23:52:43) | ERROR: Stall in Runner thread, restarting!
2023/09/06 (23:52:49) | ERROR: Stall in Runner thread, restarting!
2023/09/06 (23:52:55) | ERROR: Stall in Runner thread, restarting!
2023/09/06 (23:53:01) | ERROR: Stall in Runner thread, restarting!
2023/09/06 (23:53:07) | ERROR: Stall in Runner thread, restarting!
2023/09/06 (23:53:13) | ERROR: Stall in Runner thread, restarting!
2023/09/06 (23:53:19) | ERROR: Stall in Runner thread, restarting!
2023/09/06 (23:53:25) | ERROR: Stall in Runner thread, restarting!
2023/09/06 (23:54:21) | ERROR: Stall in Runner thread, restarting!
2023/09/06 (23:54:27) | ERROR: Stall in Runner thread, restarting!
2023/09/06 (23:54:33) | ERROR: Stall in Runner thread, restarting!
2023/09/06 (23:54:39) | ERROR: Stall in Runner thread, restarting!
2023/09/06 (23:54:45) | ERROR: Stall in Runner thread, restarting!
2023/09/06 (23:54:51) | ERROR: Stall in Runner thread, restarting!
2023/09/06 (23:54:57) | ERROR: Stall in Runner thread, restarting!
2023/09/06 (23:55:03) | ERROR: Stall in Runner thread, restarting!
2023/09/06 (23:55:20) | WARNING: Failed to join _runner thread on exit!

2023/09/06 (23:56:24) | ===> btop++ v.1.2.13
2023/09/06 (23:56:24) | ERROR: Stall in Runner thread, restarting!
2023/09/06 (23:56:30) | ERROR: Stall in Runner thread, restarting!
2023/09/06 (23:56:36) | ERROR: Stall in Runner thread, restarting!
2023/09/06 (23:56:42) | ERROR: Stall in Runner thread, restarting!
2023/09/06 (23:56:48) | ERROR: Stall in Runner thread, restarting!
2023/09/06 (23:56:54) | ERROR: Stall in Runner thread, restarting!
2023/09/06 (23:57:00) | ERROR: Stall in Runner thread, restarting!
2023/09/06 (23:57:06) | ERROR: Stall in Runner thread, restarting!
2023/09/06 (23:58:02) | ERROR: Stall in Runner thread, restarting!
2023/09/06 (23:58:08) | ERROR: Stall in Runner thread, restarting!
2023/09/06 (23:58:14) | ERROR: Stall in Runner thread, restarting!
2023/09/06 (23:58:20) | ERROR: Stall in Runner thread, restarting!
2023/09/06 (23:58:26) | ERROR: Stall in Runner thread, restarting!
2023/09/06 (23:58:32) | ERROR: Stall in Runner thread, restarting!
2023/09/06 (23:58:37) | ERROR: Stall in Runner thread, restarting!
2023/09/06 (23:58:43) | ERROR: Stall in Runner thread, restarting!
2023/09/06 (23:59:38) | ERROR: Stall in Runner thread, restarting!
2023/09/06 (23:59:44) | ERROR: Stall in Runner thread, restarting!
2023/09/06 (23:59:50) | ERROR: Stall in Runner thread, restarting!
2023/09/06 (23:59:56) | ERROR: Stall in Runner thread, restarting!
2023/09/07 (00:00:02) | ERROR: Stall in Runner thread, restarting!
2023/09/07 (00:00:07) | ERROR: Stall in Runner thread, restarting!
2023/09/07 (00:00:13) | ERROR: Stall in Runner thread, restarting!
2023/09/07 (00:00:18) | ERROR: Stall in Runner thread, restarting!
2023/09/07 (00:01:14) | ERROR: Stall in Runner thread, restarting!
2023/09/07 (00:01:20) | ERROR: Stall in Runner thread, restarting!
2023/09/07 (00:01:26) | ERROR: Stall in Runner thread, restarting!
2023/09/07 (00:01:32) | ERROR: Stall in Runner thread, restarting!
2023/09/07 (00:01:38) | ERROR: Stall in Runner thread, restarting!
2023/09/07 (00:01:44) | ERROR: Stall in Runner thread, restarting!
2023/09/07 (00:01:50) | ERROR: Stall in Runner thread, restarting!
2023/09/07 (00:01:56) | ERROR: Stall in Runner thread, restarting!
2023/09/07 (00:02:51) | ERROR: Stall in Runner thread, restarting!
2023/09/07 (00:02:57) | ERROR: Stall in Runner thread, restarting!
2023/09/07 (00:03:02) | ERROR: Stall in Runner thread, restarting!
2023/09/07 (00:03:08) | ERROR: Stall in Runner thread, restarting!
2023/09/07 (00:03:14) | ERROR: Stall in Runner thread, restarting!
2023/09/07 (00:03:20) | ERROR: Stall in Runner thread, restarting!
2023/09/07 (00:03:26) | ERROR: Stall in Runner thread, restarting!
2023/09/07 (00:03:32) | ERROR: Stall in Runner thread, restarting!
2023/09/07 (00:04:27) | ERROR: Stall in Runner thread, restarting!
2023/09/07 (00:04:33) | ERROR: Stall in Runner thread, restarting!
2023/09/07 (00:04:39) | ERROR: Stall in Runner thread, restarting!
2023/09/07 (00:04:45) | ERROR: Stall in Runner thread, restarting!
2023/09/07 (00:04:51) | ERROR: Stall in Runner thread, restarting!
2023/09/07 (00:04:57) | ERROR: Stall in Runner thread, restarting!
2023/09/07 (00:05:03) | ERROR: Stall in Runner thread, restarting!
2023/09/07 (00:05:09) | ERROR: Stall in Runner thread, restarting!
2023/09/07 (00:06:05) | ERROR: Stall in Runner thread, restarting!
2023/09/07 (00:06:11) | ERROR: Stall in Runner thread, restarting!
2023/09/07 (00:06:17) | ERROR: Stall in Runner thread, restarting!
2023/09/07 (00:06:23) | ERROR: Stall in Runner thread, restarting!
2023/09/07 (00:06:29) | ERROR: Stall in Runner thread, restarting!
2023/09/07 (00:06:35) | ERROR: Stall in Runner thread, restarting!
2023/09/07 (00:06:41) | ERROR: Stall in Runner thread, restarting!
2023/09/07 (00:06:47) | ERROR: Stall in Runner thread, restarting!
2023/09/07 (00:07:42) | ERROR: Stall in Runner thread, restarting!
2023/09/07 (00:07:48) | ERROR: Stall in Runner thread, restarting!
2023/09/07 (00:07:54) | ERROR: Stall in Runner thread, restarting!
2023/09/07 (00:08:00) | ERROR: Stall in Runner thread, restarting!
2023/09/07 (00:08:06) | ERROR: Stall in Runner thread, restarting!
2023/09/07 (00:08:12) | ERROR: Stall in Runner thread, restarting!
2023/09/07 (00:08:18) | ERROR: Stall in Runner thread, restarting!
2023/09/07 (00:08:24) | ERROR: Stall in Runner thread, restarting!
2023/09/07 (00:09:20) | ERROR: Stall in Runner thread, restarting!
2023/09/07 (00:09:26) | ERROR: Stall in Runner thread, restarting!
2023/09/07 (00:09:32) | ERROR: Stall in Runner thread, restarting!
2023/09/07 (00:09:38) | ERROR: Stall in Runner thread, restarting!
2023/09/07 (00:09:44) | ERROR: Stall in Runner thread, restarting!
2023/09/07 (00:09:50) | ERROR: Stall in Runner thread, restarting!
2023/09/07 (00:09:56) | ERROR: Stall in Runner thread, restarting!
2023/09/07 (00:10:02) | ERROR: Stall in Runner thread, restarting!
2023/09/07 (00:10:57) | ERROR: Stall in Runner thread, restarting!
2023/09/07 (00:11:03) | ERROR: Stall in Runner thread, restarting!
2023/09/07 (00:11:09) | ERROR: Stall in Runner thread, restarting!
2023/09/07 (00:11:15) | ERROR: Stall in Runner thread, restarting!
2023/09/07 (00:11:21) | ERROR: Stall in Runner thread, restarting!
2023/09/07 (00:11:27) | ERROR: Stall in Runner thread, restarting!
2023/09/07 (00:11:33) | ERROR: Stall in Runner thread, restarting!
2023/09/07 (00:11:39) | ERROR: Stall in Runner thread, restarting!
2023/09/07 (00:12:35) | ERROR: Stall in Runner thread, restarting!
2023/09/07 (00:12:41) | ERROR: Stall in Runner thread, restarting!
2023/09/07 (00:12:47) | ERROR: Stall in Runner thread, restarting!
2023/09/07 (00:12:53) | ERROR: Stall in Runner thread, restarting!
2023/09/07 (00:12:59) | ERROR: Stall in Runner thread, restarting!
2023/09/07 (00:13:05) | ERROR: Stall in Runner thread, restarting!
2023/09/07 (00:13:11) | ERROR: Stall in Runner thread, restarting!
2023/09/07 (00:13:17) | ERROR: Stall in Runner thread, restarting!
2023/09/07 (00:14:12) | ERROR: Stall in Runner thread, restarting!
2023/09/07 (00:14:18) | ERROR: Stall in Runner thread, restarting!
2023/09/07 (00:14:24) | ERROR: Stall in Runner thread, restarting!
2023/09/07 (00:14:30) | ERROR: Stall in Runner thread, restarting!
2023/09/07 (00:14:36) | ERROR: Stall in Runner thread, restarting!
2023/09/07 (00:14:42) | ERROR: Stall in Runner thread, restarting!
2023/09/07 (00:14:48) | ERROR: Stall in Runner thread, restarting!
2023/09/07 (00:14:54) | ERROR: Stall in Runner thread, restarting!
2023/09/07 (00:15:50) | ERROR: Stall in Runner thread, restarting!
2023/09/07 (00:15:56) | ERROR: Stall in Runner thread, restarting!
2023/09/07 (00:16:02) | ERROR: Stall in Runner thread, restarting!
2023/09/07 (00:16:08) | ERROR: Stall in Runner thread, restarting!
2023/09/07 (00:16:14) | ERROR: Stall in Runner thread, restarting!
2023/09/07 (00:16:19) | ERROR: Stall in Runner thread, restarting!
2023/09/07 (00:16:25) | ERROR: Stall in Runner thread, restarting!
2023/09/07 (00:16:31) | ERROR: Stall in Runner thread, restarting!
2023/09/07 (00:17:26) | ERROR: Stall in Runner thread, restarting!
2023/09/07 (00:17:32) | ERROR: Stall in Runner thread, restarting!
2023/09/07 (00:17:38) | ERROR: Stall in Runner thread, restarting!
2023/09/07 (00:17:44) | ERROR: Stall in Runner thread, restarting!
2023/09/07 (00:17:50) | ERROR: Stall in Runner thread, restarting!
2023/09/07 (00:17:56) | ERROR: Stall in Runner thread, restarting!
2023/09/07 (00:18:02) | ERROR: Stall in Runner thread, restarting!
2023/09/07 (00:18:08) | ERROR: Stall in Runner thread, restarting!
2023/09/07 (00:19:03) | ERROR: Stall in Runner thread, restarting!
2023/09/07 (00:19:10) | ERROR: Stall in Runner thread, restarting!
2023/09/07 (00:19:16) | ERROR: Stall in Runner thread, restarting!
2023/09/07 (00:19:22) | ERROR: Stall in Runner thread, restarting!
2023/09/07 (00:19:28) | ERROR: Stall in Runner thread, restarting!
2023/09/07 (00:19:34) | ERROR: Stall in Runner thread, restarting!
2023/09/07 (00:19:39) | ERROR: Stall in Runner thread, restarting!
2023/09/07 (00:19:45) | ERROR: Stall in Runner thread, restarting!
2023/09/07 (00:20:40) | ERROR: Stall in Runner thread, restarting!
2023/09/07 (00:20:45) | ERROR: Stall in Runner thread, restarting!
2023/09/07 (00:20:51) | ERROR: Stall in Runner thread, restarting!
2023/09/07 (00:20:57) | ERROR: Stall in Runner thread, restarting!
2023/09/07 (00:21:03) | ERROR: Stall in Runner thread, restarting!
2023/09/07 (00:21:08) | ERROR: Stall in Runner thread, restarting!
2023/09/07 (00:21:14) | ERROR: Stall in Runner thread, restarting!
2023/09/07 (00:21:19) | ERROR: Stall in Runner thread, restarting!
2023/09/07 (00:22:15) | ERROR: Stall in Runner thread, restarting!
2023/09/07 (00:22:21) | ERROR: Stall in Runner thread, restarting!
2023/09/07 (00:22:27) | ERROR: Stall in Runner thread, restarting!
2023/09/07 (00:22:33) | ERROR: Stall in Runner thread, restarting!
2023/09/07 (00:22:39) | ERROR: Stall in Runner thread, restarting!
2023/09/07 (00:22:45) | ERROR: Stall in Runner thread, restarting!
2023/09/07 (00:22:51) | ERROR: Stall in Runner thread, restarting!
2023/09/07 (00:22:57) | ERROR: Stall in Runner thread, restarting!
2023/09/07 (00:23:53) | ERROR: Stall in Runner thread, restarting!
2023/09/07 (00:23:59) | ERROR: Stall in Runner thread, restarting!
2023/09/07 (00:24:05) | ERROR: Stall in Runner thread, restarting!
2023/09/07 (00:24:11) | ERROR: Stall in Runner thread, restarting!
2023/09/07 (00:24:17) | ERROR: Stall in Runner thread, restarting!
2023/09/07 (00:24:23) | ERROR: Stall in Runner thread, restarting!
2023/09/07 (00:24:29) | ERROR: Stall in Runner thread, restarting!
2023/09/07 (00:24:35) | ERROR: Stall in Runner thread, restarting!
2023/09/07 (00:25:30) | ERROR: Stall in Runner thread, restarting!
2023/09/07 (00:25:36) | ERROR: Stall in Runner thread, restarting!
2023/09/07 (00:25:42) | ERROR: Stall in Runner thread, restarting!
2023/09/07 (00:25:48) | ERROR: Stall in Runner thread, restarting!
2023/09/07 (00:25:54) | ERROR: Stall in Runner thread, restarting!
2023/09/07 (00:26:00) | ERROR: Stall in Runner thread, restarting!
2023/09/07 (00:26:06) | ERROR: Stall in Runner thread, restarting!
2023/09/07 (00:26:12) | ERROR: Stall in Runner thread, restarting!
2023/09/07 (00:27:08) | ERROR: Stall in Runner thread, restarting!
2023/09/07 (00:27:14) | ERROR: Stall in Runner thread, restarting!
2023/09/07 (00:27:20) | ERROR: Stall in Runner thread, restarting!
2023/09/07 (00:27:26) | ERROR: Stall in Runner thread, restarting!
2023/09/07 (00:27:32) | ERROR: Stall in Runner thread, restarting!
2023/09/07 (00:27:38) | ERROR: Stall in Runner thread, restarting!
2023/09/07 (00:27:44) | ERROR: Stall in Runner thread, restarting!
2023/09/07 (00:27:50) | ERROR: Stall in Runner thread, restarting!
2023/09/07 (00:28:45) | ERROR: Stall in Runner thread, restarting!
2023/09/07 (00:28:51) | ERROR: Stall in Runner thread, restarting!
2023/09/07 (00:28:57) | ERROR: Stall in Runner thread, restarting!
2023/09/07 (00:29:02) | ERROR: Stall in Runner thread, restarting!
2023/09/07 (00:29:08) | ERROR: Stall in Runner thread, restarting!
2023/09/07 (00:29:14) | ERROR: Stall in Runner thread, restarting!
2023/09/07 (00:29:20) | ERROR: Stall in Runner thread, restarting!
2023/09/07 (00:29:26) | ERROR: Stall in Runner thread, restarting!
2023/09/07 (00:30:22) | ERROR: Stall in Runner thread, restarting!
2023/09/07 (00:30:28) | ERROR: Stall in Runner thread, restarting!
2023/09/07 (00:30:34) | ERROR: Stall in Runner thread, restarting!
2023/09/07 (00:30:40) | ERROR: Stall in Runner thread, restarting!
2023/09/07 (00:30:46) | ERROR: Stall in Runner thread, restarting!
2023/09/07 (00:30:52) | ERROR: Stall in Runner thread, restarting!
2023/09/07 (00:30:58) | ERROR: Stall in Runner thread, restarting!
2023/09/07 (00:31:04) | ERROR: Stall in Runner thread, restarting!
2023/09/07 (00:31:59) | ERROR: Stall in Runner thread, restarting!
2023/09/07 (00:32:05) | ERROR: Stall in Runner thread, restarting!
2023/09/07 (00:32:11) | ERROR: Stall in Runner thread, restarting!
2023/09/07 (00:32:17) | ERROR: Stall in Runner thread, restarting!
2023/09/07 (00:32:23) | ERROR: Stall in Runner thread, restarting!
2023/09/07 (00:32:29) | ERROR: Stall in Runner thread, restarting!
2023/09/07 (00:32:35) | ERROR: Stall in Runner thread, restarting!
2023/09/07 (00:32:41) | ERROR: Stall in Runner thread, restarting!
2023/09/07 (00:33:36) | ERROR: Stall in Runner thread, restarting!
2023/09/07 (00:33:43) | ERROR: Stall in Runner thread, restarting!
2023/09/07 (00:33:49) | ERROR: Stall in Runner thread, restarting!
2023/09/07 (00:33:55) | ERROR: Stall in Runner thread, restarting!
2023/09/07 (00:34:01) | ERROR: Stall in Runner thread, restarting!
2023/09/07 (00:34:07) | ERROR: Stall in Runner thread, restarting!
2023/09/07 (00:34:13) | ERROR: Stall in Runner thread, restarting!
2023/09/07 (00:34:19) | ERROR: Stall in Runner thread, restarting!
2023/09/07 (00:35:14) | ERROR: Stall in Runner thread, restarting!
2023/09/07 (00:35:20) | ERROR: Stall in Runner thread, restarting!
2023/09/07 (00:35:26) | ERROR: Stall in Runner thread, restarting!
2023/09/07 (00:35:32) | ERROR: Stall in Runner thread, restarting!
2023/09/07 (00:35:38) | ERROR: Stall in Runner thread, restarting!
2023/09/07 (00:35:44) | ERROR: Stall in Runner thread, restarting!
2023/09/07 (00:35:50) | ERROR: Stall in Runner thread, restarting!
2023/09/07 (00:35:56) | ERROR: Stall in Runner thread, restarting!
2023/09/07 (00:36:55) | ERROR: Stall in Runner thread, restarting!
2023/09/07 (00:37:01) | ERROR: Stall in Runner thread, restarting!

2023/09/09 (16:02:11) | ===> btop++ v.1.2.13
2023/09/09 (16:02:11) | ERROR: Stall in Runner thread, restarting!
2023/09/09 (16:02:17) | ERROR: Stall in Runner thread, restarting!
2023/09/09 (16:57:56) | WARNING: Failed to join _runner thread on exit!

2023/09/20 (18:47:20) | ===> btop++ v.1.2.13
2023/09/20 (18:47:20) | ERROR: Stall in Runner thread, restarting!
2023/09/20 (18:47:26) | ERROR: Stall in Runner thread, restarting!
2023/09/21 (00:53:47) | ERROR: Stall in Runner thread, restarting!
2023/09/21 (00:53:53) | ERROR: Stall in Runner thread, restarting!

2023/09/24 (17:48:35) | ===> btop++ v.1.2.13
2023/09/24 (17:48:35) | ERROR: Stall in Runner thread, restarting!
2023/09/24 (17:48:43) | ERROR: Stall in Runner thread, restarting!
2023/09/24 (17:57:53) | ERROR: Stall in Runner thread, restarting!
2023/09/24 (17:57:59) | ERROR: Stall in Runner thread, restarting!
2023/09/24 (17:58:05) | ERROR: Stall in Runner thread, restarting!
2023/09/24 (17:58:11) | ERROR: Stall in Runner thread, restarting!
2023/09/24 (17:58:17) | ERROR: Stall in Runner thread, restarting!
2023/09/24 (17:58:23) | ERROR: Stall in Runner thread, restarting!
2023/09/24 (17:58:29) | ERROR: Stall in Runner thread, restarting!
2023/09/24 (17:58:35) | ERROR: Stall in Runner thread, restarting!
2023/09/24 (17:58:41) | ERROR: Stall in Runner thread, restarting!
2023/09/24 (17:58:47) | ERROR: Stall in Runner thread, restarting!
2023/09/24 (17:58:54) | ERROR: Stall in Runner thread, restarting!
2023/09/24 (18:04:53) | ERROR: Stall in Runner thread, restarting!

2023/09/25 (20:49:01) | ===> btop++ v.1.2.13
2023/09/25 (20:49:01) | ERROR: Stall in Runner thread, restarting!

2023/09/27 (21:15:58) | ===> btop++ v.1.2.13
2023/09/27 (21:15:58) | ERROR: Stall in Runner thread, restarting!
2023/09/27 (21:16:04) | ERROR: Stall in Runner thread, restarting!
2023/09/27 (21:18:05) | ERROR: Stall in Runner thread, restarting!
2023/09/27 (21:18:11) | ERROR: Stall in Runner thread, restarting!
